2018-06-14 - Adding job tentatively -- it will be properly scheduled when the scheduler starts
2018-06-14 - Adding job tentatively -- it will be properly scheduled when the scheduler starts
2018-06-14 - Adding job tentatively -- it will be properly scheduled when the scheduler starts
2018-06-14 - Added job "getGamesJP" to job store "default"
2018-06-14 - Added job "getGamesAM" to job store "default"
2018-06-14 - Added job "getGamesEU" to job store "default"
2018-06-14 - Scheduler started
2018-06-14 - Looking for jobs to run
2018-06-14 - Next wakeup is due at 2018-06-15 00:00:00+08:00 (in 35239.577257 seconds)
2018-06-14 - Scheduler has been shut down
2018-06-14 - Looking for jobs to run
2018-06-14 - No jobs; waiting until a job is added
2018-06-14 - Adding job tentatively -- it will be properly scheduled when the scheduler starts
2018-06-14 - Adding job tentatively -- it will be properly scheduled when the scheduler starts
2018-06-14 - Adding job tentatively -- it will be properly scheduled when the scheduler starts
2018-06-14 - Added job "getGamesJP" to job store "default"
2018-06-14 - Added job "getGamesAM" to job store "default"
2018-06-14 - Added job "getGamesEU" to job store "default"
2018-06-14 - Scheduler started
2018-06-14 - Looking for jobs to run
2018-06-14 - Next wakeup is due at 2018-06-15 00:00:00+08:00 (in 35227.741243 seconds)
